<?xml version="1.0" encoding="UTF-8"?>
<!-- Generated by org.testng.reporters.JUnitReportReporter -->
<testsuite hostname="BLR2T2WSF035" name="master.ConfigureUsersAndRoles" tests="4" failures="0" timestamp="21 Jan 2019 03:40:16 GMT" time="187.820" errors="0">
  <testcase name="verify_UpdateUserRole" time="17.223" classname="master.ConfigureUsersAndRoles"/>
  <testcase name="verify_UserConfiguration" time="65.255" classname="master.ConfigureUsersAndRoles"/>
  <testcase name="verify_UserAlreadyExist" time="43.001" classname="master.ConfigureUsersAndRoles"/>
  <testcase name="remove_User" time="62.341" classname="master.ConfigureUsersAndRoles"/>
</testsuite> <!-- master.ConfigureUsersAndRoles -->
