<?xml version="1.0" encoding="UTF-8"?>
<!-- Generated by org.testng.reporters.JUnitReportReporter -->
<testsuite hostname="BLR2T2WSF035" name="endToEndScenario.AcceptFeedback" tests="1" failures="0" timestamp="28 Jun 2018 07:46:14 GMT" time="53.374" errors="0">
  <testcase name="submit_QCAudit_AcceptFeedBack" time="53.374" classname="endToEndScenario.AcceptFeedback"/>
</testsuite> <!-- endToEndScenario.AcceptFeedback -->
