<?xml version="1.0" encoding="UTF-8"?>
<!-- Generated by org.testng.reporters.JUnitReportReporter -->
<testsuite hostname="BLR2T2WSF035" name="transaction.Transaction_History" tests="1" failures="0" timestamp="18 Jan 2019 11:31:28 GMT" time="144.103" errors="0">
  <testcase name="verify_Trasnsaction_History" time="144.103" classname="transaction.Transaction_History"/>
</testsuite> <!-- transaction.Transaction_History -->
