<?xml version="1.0" encoding="UTF-8"?>
<!-- Generated by org.testng.reporters.JUnitReportReporter -->
<testsuite hostname="BLR2T2WSF035" name="Transactions.JuniorCaller" tests="1" failures="0" timestamp="11 Oct 2017 08:09:47 GMT" time="23.321" errors="0">
  <testcase name="JuniorCaller_NeedCall_Test" time="23.321" classname="Transactions.JuniorCaller"/>
</testsuite> <!-- Transactions.JuniorCaller -->
