<?xml version="1.0" encoding="UTF-8"?>
<!-- Generated by org.testng.reporters.JUnitReportReporter -->
<testsuite hostname="BLR2T2WSF035" name="transaction.Appeals" tests="1" failures="0" timestamp="18 Jan 2019 11:31:28 GMT" time="102.469" errors="0">
  <testcase name="verify_Appeals" time="102.469" classname="transaction.Appeals"/>
</testsuite> <!-- transaction.Appeals -->
