<?xml version="1.0" encoding="UTF-8"?>
<!-- Generated by org.testng.reporters.JUnitReportReporter -->
<testsuite hostname="BLR2T2WSF035" name="transaction.GroupExamples" tests="3" failures="0" timestamp="16 Feb 2018 06:11:12 GMT" time="0.016" errors="0">
  <testcase name="testCaseFour" time="0.000" classname="transaction.GroupExamples"/>
  <testcase name="testCaseThree" time="0.000" classname="transaction.GroupExamples"/>
  <testcase name="testCaseOne" time="0.016" classname="transaction.GroupExamples"/>
</testsuite> <!-- transaction.GroupExamples -->
