<?xml version="1.0" encoding="UTF-8"?>
<!-- Generated by org.testng.reporters.JUnitReportReporter -->
<testsuite hostname="BLR2T2WSF035" name="Transactions.NewTest" tests="1" failures="0" timestamp="20 Sep 2017 07:11:33 GMT" time="0.036" errors="0">
  <testcase name="test" time="0.036" classname="Transactions.NewTest"/>
</testsuite> <!-- Transactions.NewTest -->
