<?xml version="1.0" encoding="UTF-8"?>
<!-- Generated by org.testng.reporters.JUnitReportReporter -->
<testsuite hostname="BLR2T2WSF035" name="inbox.WorkOrderSummary" tests="3" failures="0" timestamp="18 Jan 2019 11:31:28 GMT" time="444.868" errors="0">
  <testcase name="verify_WorkOrderSummary_In_Manager_Role" time="131.090" classname="inbox.WorkOrderSummary"/>
  <testcase name="verify_WorkOrderSummary_In_Analyst_Role" time="173.147" classname="inbox.WorkOrderSummary"/>
  <testcase name="verify_WorkOrderSummary_In_TL_Role" time="140.631" classname="inbox.WorkOrderSummary"/>
</testsuite> <!-- inbox.WorkOrderSummary -->
