<?xml version="1.0" encoding="UTF-8"?>
<!-- Generated by org.testng.reporters.JUnitReportReporter -->
<testsuite hostname="BLR2T2WSF035" name="endToEndScenario.Rebuttal_Review" tests="1" failures="0" timestamp="29 Jun 2018 09:44:46 GMT" time="73.843" errors="0">
  <testcase name="verify_RebuttalReview_Accept" time="73.843" classname="endToEndScenario.Rebuttal_Review"/>
</testsuite> <!-- endToEndScenario.Rebuttal_Review -->
