<?xml version="1.0" encoding="UTF-8"?>
<!-- Generated by org.testng.reporters.JUnitReportReporter -->
<testsuite hostname="BLR2T2WSF035" name="transaction.Upload" tests="1" failures="0" timestamp="14 Aug 2018 06:25:16 GMT" time="20.696" errors="1">
  <testcase name="verify_WhenAccountUploadedMultipleTimes" time="20.696" classname="transaction.Upload"/>
</testsuite> <!-- transaction.Upload -->
