<?xml version="1.0" encoding="UTF-8"?>
<!-- Generated by org.testng.reporters.JUnitReportReporter -->
<testsuite hostname="BLR2T2WSF035" name="Analyst.Multiple_Analyst" tests="1" failures="0" timestamp="21 Dec 2017 06:06:27 GMT" time="170.574" errors="0">
  <testcase name="click_same_Account_multiple_Analyst" time="170.574" classname="Analyst.Multiple_Analyst"/>
</testsuite> <!-- Analyst.Multiple_Analyst -->
