<?xml version="1.0" encoding="UTF-8"?>
<!-- Generated by org.testng.reporters.JUnitReportReporter -->
<testsuite hostname="BLR2T2WSF035" name="transaction.Credentialing" tests="1" failures="0" timestamp="30 Nov 2018 06:40:45 GMT" time="73.527" errors="0">
  <testcase name="verify_Credentialing" time="73.527" classname="transaction.Credentialing"/>
</testsuite> <!-- transaction.Credentialing -->
