<?xml version="1.0" encoding="UTF-8"?>
<!-- Generated by org.testng.reporters.JUnitReportReporter -->
<testsuite hostname="BLR2T2WSF035" name="inbox.Regular_DOS" tests="1" failures="0" timestamp="18 Jan 2019 11:31:28 GMT" time="71.764" errors="0">
  <testcase name="verify_Regular_DOS" time="71.764" classname="inbox.Regular_DOS"/>
</testsuite> <!-- inbox.Regular_DOS -->
