<?xml version="1.0" encoding="UTF-8"?>
<!-- Generated by org.testng.reporters.JUnitReportReporter -->
<testsuite hostname="BLR2T2WSF035" name="reports.QCWorkedAccounts" tests="1" failures="0" timestamp="3 Feb 2018 11:01:14 GMT" time="113.864" errors="0">
  <testcase name="verify_QCWorkedAccounts" time="113.864" classname="reports.QCWorkedAccounts"/>
</testsuite> <!-- reports.QCWorkedAccounts -->
