<?xml version="1.0" encoding="UTF-8"?>
<!-- Generated by org.testng.reporters.JUnitReportReporter -->
<testsuite hostname="BLR2T2WSF035" name="qc.Rebuttal_Review" tests="1" failures="0" timestamp="18 Jan 2019 11:31:28 GMT" time="100.841" errors="0">
  <testcase name="verify_RebuttalReview_Accept" time="100.841" classname="qc.Rebuttal_Review"/>
</testsuite> <!-- qc.Rebuttal_Review -->
