<?xml version="1.0" encoding="UTF-8"?>
<!-- Generated by org.testng.reporters.JUnitReportReporter -->
<testsuite hostname="BLR2T2WSF035" name="qc.QC_Audit" tests="1" failures="0" timestamp="23 May 2018 10:39:17 GMT" time="26.295" errors="0">
  <testcase name="save_AccountFromPriority" time="26.295" classname="qc.QC_Audit"/>
</testsuite> <!-- qc.QC_Audit -->
