<?xml version="1.0" encoding="UTF-8"?>
<!-- Generated by org.testng.reporters.JUnitReportReporter -->
<testsuite hostname="BLR2T2WSF035" name="inbox.Sample" tests="3" failures="0" timestamp="29 Jan 2019 07:57:27 GMT" time="0.003" errors="3">
  <testcase name="verify_KickOut_DOS" time="0.002" classname="inbox.Sample"/>
  <testcase name="Denial_DOS" time="0.001" classname="inbox.Sample"/>
  <testcase name="verify_Regular_DOS" time="0.000" classname="inbox.Sample"/>
</testsuite> <!-- inbox.Sample -->
