<?xml version="1.0" encoding="UTF-8"?>
<!-- Generated by org.testng.reporters.JUnitReportReporter -->
<testsuite hostname="BLR2T2WSF035" name="inbox.Denial_DOS" tests="1" failures="0" timestamp="18 Jan 2019 11:31:28 GMT" time="70.625" errors="0">
  <testcase name="verify_Denail_DOS" time="70.625" classname="inbox.Denial_DOS"/>
</testsuite> <!-- inbox.Denial_DOS -->
