<?xml version="1.0" encoding="UTF-8"?>
<!-- Generated by org.testng.reporters.JUnitReportReporter -->
<testsuite hostname="BLR2T2WSF035" name="analyst.Regular_DOS" tests="1" failures="0" timestamp="3 Apr 2018 13:32:10 GMT" time="159.507" errors="0">
  <testcase name="check_Regular_DOS" time="159.507" classname="analyst.Regular_DOS"/>
</testsuite> <!-- analyst.Regular_DOS -->
