<?xml version="1.0" encoding="UTF-8"?>
<!-- Generated by org.testng.reporters.JUnitReportReporter -->
<testsuite hostname="BLR2T2WSF035" name="analyst.Kickout_DOS" tests="1" failures="0" timestamp="3 Apr 2018 13:32:10 GMT" time="69.657" errors="0">
  <testcase name="verify_KickOut_DOS" time="69.657" classname="analyst.Kickout_DOS"/>
</testsuite> <!-- analyst.Kickout_DOS -->
