<?xml version="1.0" encoding="UTF-8"?>
<!-- Generated by org.testng.reporters.JUnitReportReporter -->
<testsuite hostname="BLR2T2WSF035" name="transaction.TEST2" tests="1" failures="0" timestamp="15 Feb 2018 11:35:30 GMT" time="0.000" errors="0">
  <testcase name="verifyTEST2" time="0.000" classname="transaction.TEST2"/>
</testsuite> <!-- transaction.TEST2 -->
