<?xml version="1.0" encoding="UTF-8"?>
<!-- Generated by org.testng.reporters.JUnitReportReporter -->
<testsuite hostname="BLR2T2WSF035" name="inbox.Kickout_DOS" tests="1" failures="0" timestamp="18 Jan 2019 11:31:28 GMT" time="57.480" errors="0">
  <testcase name="verify_KickOut_DOS" time="57.480" classname="inbox.Kickout_DOS"/>
</testsuite> <!-- inbox.Kickout_DOS -->
