<?xml version="1.0" encoding="UTF-8"?>
<!-- Generated by org.testng.reporters.JUnitReportReporter -->
<testsuite hostname="BLR2T2WSF035" name="reports.MyProductionDetails" tests="1" failures="0" timestamp="19 Feb 2018 10:17:45 GMT" time="53.637" errors="0">
  <testcase name="verify_MyProductionDetails_Report" time="53.637" classname="reports.MyProductionDetails"/>
</testsuite> <!-- reports.MyProductionDetails -->
