<?xml version="1.0" encoding="UTF-8"?>
<!-- Generated by org.testng.reporters.JUnitReportReporter -->
<testsuite hostname="BLR2T2WSF035" name="endToEndScenario.Upload" tests="1" failures="0" timestamp="6 Jun 2018 11:43:45 GMT" time="20.863" errors="1">
  <testcase name="verify_WhenAccountUploadedMultipleTimes" time="20.863" classname="endToEndScenario.Upload"/>
</testsuite> <!-- endToEndScenario.Upload -->
