<?xml version="1.0" encoding="UTF-8"?>
<!-- Generated by org.testng.reporters.JUnitReportReporter -->
<testsuite hostname="BLR2T2WSF035" name="transaction.Payment" tests="1" failures="0" timestamp="18 Jan 2019 11:31:28 GMT" time="96.557" errors="0">
  <testcase name="verify_Payment" time="96.557" classname="transaction.Payment"/>
</testsuite> <!-- transaction.Payment -->
