<?xml version="1.0" encoding="UTF-8"?>
<!-- Generated by org.testng.reporters.JUnitReportReporter -->
<testsuite hostname="BLR2T2WSF035" name="LoginTest" tests="1" failures="0" timestamp="14 Sep 2017 07:11:34 GMT" time="1.044" errors="0">
  <testcase name="loginTest" time="1.044" classname="LoginTest"/>
</testsuite> <!-- LoginTest -->
