<?xml version="1.0" encoding="UTF-8"?>
<!-- Generated by org.testng.reporters.JUnitReportReporter -->
<testsuite hostname="BLR2T2WSF035" name="CreditBalance.CreditBalance" tests="1" failures="0" timestamp="18 Jan 2019 11:31:28 GMT" time="18.874" errors="0">
  <testcase name="verify_CreditBalance_InsBalance" time="18.874" classname="CreditBalance.CreditBalance"/>
</testsuite> <!-- CreditBalance.CreditBalance -->
