<?xml version="1.0" encoding="UTF-8"?>
<!-- Generated by org.testng.reporters.JUnitReportReporter -->
<testsuite hostname="BLR2T2WSF035" name="inbox.WorkOrderSummaryAppeals" tests="1" failures="0" timestamp="18 Jan 2019 11:31:28 GMT" time="25.212" errors="0">
  <testcase name="verify_WorkOrderSummary_In_Appeals_Role" time="25.212" classname="inbox.WorkOrderSummaryAppeals"/>
</testsuite> <!-- inbox.WorkOrderSummaryAppeals -->
