<?xml version="1.0" encoding="UTF-8"?>
<!-- Generated by org.testng.reporters.JUnitReportReporter -->
<testsuite hostname="BLR2T2WSF035" name="qc.QC_History" tests="1" failures="0" timestamp="18 Jan 2019 11:31:28 GMT" time="116.776" errors="0">
  <testcase name="verify_QCHistory" time="116.776" classname="qc.QC_History"/>
</testsuite> <!-- qc.QC_History -->
