<?xml version="1.0" encoding="UTF-8"?>
<!-- Generated by org.testng.reporters.JUnitReportReporter -->
<testsuite hostname="BLR2T2WSF035" name="QC.connect" tests="1" failures="0" timestamp="9 Jan 2018 11:46:13 GMT" time="0.436" errors="0">
  <testcase name="test" time="0.436" classname="QC.connect"/>
</testsuite> <!-- QC.connect -->
