<?xml version="1.0" encoding="UTF-8"?>
<!-- Generated by org.testng.reporters.JUnitReportReporter -->
<testsuite hostname="BLR2T2WSF035" name="transaction.ClientWorked" tests="1" failures="0" timestamp="18 Jan 2019 11:31:28 GMT" time="68.699" errors="0">
  <testcase name="verify_ClientWorked" time="68.699" classname="transaction.ClientWorked"/>
</testsuite> <!-- transaction.ClientWorked -->
