<?xml version="1.0" encoding="UTF-8"?>
<!-- Generated by org.testng.reporters.JUnitReportReporter -->
<testsuite hostname="BLR2T2WSF035" name="Transactions.ClientEscalation" tests="1" failures="0" timestamp="9 Jan 2018 06:29:45 GMT" time="120.227" errors="0">
  <testcase name="Verify_ClientEscalation" time="120.227" classname="Transactions.ClientEscalation"/>
</testsuite> <!-- Transactions.ClientEscalation -->
