<?xml version="1.0" encoding="UTF-8"?>
<!-- Generated by org.testng.reporters.JUnitReportReporter -->
<testsuite hostname="BLR2T2WSF035" name="test.connectDB" tests="1" failures="0" timestamp="13 Dec 2017 07:48:01 GMT" time="4.281" errors="0">
  <testcase name="connectToDB" time="4.281" classname="test.connectDB"/>
</testsuite> <!-- test.connectDB -->
