<?xml version="1.0" encoding="UTF-8"?>
<!-- Generated by org.testng.reporters.JUnitReportReporter -->
<testsuite hostname="BLR2T2WSF035" name="reports.AgentProduction" tests="1" failures="0" timestamp="5 Feb 2018 05:53:55 GMT" time="118.950" errors="0">
  <testcase name="verify_Agent_Production_Report" time="118.950" classname="reports.AgentProduction"/>
</testsuite> <!-- reports.AgentProduction -->
