<?xml version="1.0" encoding="UTF-8"?>
<!-- Generated by org.testng.reporters.JUnitReportReporter -->
<testsuite hostname="BLR2T2WSF035" name="transaction.TEST1" tests="1" failures="0" timestamp="15 Feb 2018 11:35:30 GMT" time="0.016" errors="0">
  <testcase name="verifyTEST1" time="0.016" classname="transaction.TEST1"/>
</testsuite> <!-- transaction.TEST1 -->
