<?xml version="1.0" encoding="UTF-8"?>
<!-- Generated by org.testng.reporters.JUnitReportReporter -->
<testsuite hostname="BLR2T2WSF035" name="Transactions.Credentialing" tests="1" failures="0" timestamp="9 Jan 2018 06:29:45 GMT" time="117.693" errors="0">
  <testcase name="Verify_Credentialing" time="117.693" classname="Transactions.Credentialing"/>
</testsuite> <!-- Transactions.Credentialing -->
