<?xml version="1.0" encoding="UTF-8"?>
<!-- Generated by org.testng.reporters.JUnitReportReporter -->
<testsuite hostname="BLR2T2WSF035" name="historicalReports.ErrorParetoByAgent" tests="1" failures="0" timestamp="24 May 2018 11:26:37 GMT" time="0.000" errors="1">
  <testcase name="verify_ErrorByAgent" time="0.000" classname="historicalReports.ErrorParetoByAgent"/>
</testsuite> <!-- historicalReports.ErrorParetoByAgent -->
