<?xml version="1.0" encoding="UTF-8"?>
<!-- Generated by org.testng.reporters.JUnitReportReporter -->
<testsuite hostname="BLR2T2WSF035" name="inbox.PriorityQueue" tests="2" failures="0" timestamp="24 May 2018 11:26:37 GMT" time="0.000" errors="2">
  <testcase name="save_AccountWithNoErrors" time="0.000" classname="inbox.PriorityQueue"/>
  <testcase name="save_AccountFromPriority" time="0.000" classname="inbox.PriorityQueue"/>
</testsuite> <!-- inbox.PriorityQueue -->
