<?xml version="1.0" encoding="UTF-8"?>
<!-- Generated by org.testng.reporters.JUnitReportReporter -->
<testsuite hostname="BLR2T2WSF035" name="EndToEndScenario.Feedback_Accept" tests="1" failures="0" timestamp="22 Dec 2017 11:31:37 GMT" time="107.184" errors="0">
  <testcase name="submit_QC_Audit_Accept_FeedBack" time="107.184" classname="EndToEndScenario.Feedback_Accept"/>
</testsuite> <!-- EndToEndScenario.Feedback_Accept -->
