<?xml version="1.0" encoding="UTF-8"?>
<!-- Generated by org.testng.reporters.JUnitReportReporter -->
<testsuite hostname="BLR2T2WSF035" name="analyst.DenialDOS" tests="1" failures="0" timestamp="6 Mar 2018 07:04:20 GMT" time="93.276" errors="0">
  <testcase name="verify_Denail_DOS" time="93.276" classname="analyst.DenialDOS"/>
</testsuite> <!-- analyst.DenialDOS -->
