<?xml version="1.0" encoding="UTF-8"?>
<!-- Generated by org.testng.reporters.JUnitReportReporter -->
<testsuite hostname="BLR2T2WSF035" name="dashboard.UserWorkedAccounts" tests="1" failures="0" timestamp="18 Jan 2019 11:40:30 GMT" time="71.205" errors="0">
  <testcase name="verifiy_UserWorkedAccounts_Dashboard" time="71.205" classname="dashboard.UserWorkedAccounts"/>
</testsuite> <!-- dashboard.UserWorkedAccounts -->
