<?xml version="1.0" encoding="UTF-8"?>
<!-- Generated by org.testng.reporters.JUnitReportReporter -->
<testsuite hostname="BLR2T2WSF035" name="transaction.Sample" tests="1" failures="0" timestamp="26 Oct 2018 04:40:14 GMT" time="132.815" errors="0">
  <testcase name="verify_Priority" time="132.815" classname="transaction.Sample"/>
</testsuite> <!-- transaction.Sample -->
