<?xml version="1.0" encoding="UTF-8"?>
<!-- Generated by org.testng.reporters.JUnitReportReporter -->
<testsuite hostname="BLR2T2WSF035" name="historicalReports.CodingAndPayment" tests="2" failures="0" timestamp="24 May 2018 11:26:37 GMT" time="0.000" errors="2">
  <testcase name="verify_Payment_Report" time="0.000" classname="historicalReports.CodingAndPayment"/>
  <testcase name="verify_Coding_Report" time="0.000" classname="historicalReports.CodingAndPayment"/>
</testsuite> <!-- historicalReports.CodingAndPayment -->
