<?xml version="1.0" encoding="UTF-8"?>
<!-- Generated by org.testng.reporters.JUnitReportReporter -->
<testsuite hostname="BLR2T2WSF035" name="inbox.PriorityQueue_DOS" tests="1" failures="0" timestamp="7 Jun 2018 10:03:37 GMT" time="0.117" errors="1">
  <testcase name="verify_Priority_DOS" time="0.117" classname="inbox.PriorityQueue_DOS"/>
</testsuite> <!-- inbox.PriorityQueue_DOS -->
