<?xml version="1.0" encoding="UTF-8"?>
<!-- Generated by org.testng.reporters.JUnitReportReporter -->
<testsuite hostname="BLR2T2WSF035" name="historicalReports.AccountResolveType" tests="1" failures="0" timestamp="14 Aug 2018 14:10:36 GMT" time="50.100" errors="0">
  <testcase name="verify_AccountResolveType_Report" time="50.100" classname="historicalReports.AccountResolveType"/>
</testsuite> <!-- historicalReports.AccountResolveType -->
