<?xml version="1.0" encoding="UTF-8"?>
<!-- Generated by org.testng.reporters.JUnitReportReporter -->
<testsuite hostname="BLR2T2WSF035" name="analyst.TempSave" tests="1" failures="0" timestamp="11 Jan 2018 07:41:16 GMT" time="129.821" errors="0">
  <testcase name="check_TempSave" time="129.821" classname="analyst.TempSave"/>
</testsuite> <!-- analyst.TempSave -->
