<?xml version="1.0" encoding="UTF-8"?>
<!-- Generated by org.testng.reporters.JUnitReportReporter -->
<testsuite hostname="BLR2T2WSF035" name="Transactions.XYZ" tests="1" failures="0" timestamp="9 Oct 2017 10:33:57 GMT" time="1.076" errors="0">
  <testcase name="printTest" time="1.076" classname="Transactions.XYZ"/>
</testsuite> <!-- Transactions.XYZ -->
