<?xml version="1.0" encoding="UTF-8"?>
<!-- Generated by org.testng.reporters.JUnitReportReporter -->
<testsuite hostname="BLR2T2WSF035" name="historicalReports.MyProductionDetails" tests="1" failures="0" timestamp="22 Nov 2018 07:25:07 GMT" time="95.402" errors="0">
  <testcase name="verify_MyProductionDetails_Report" time="95.402" classname="historicalReports.MyProductionDetails"/>
</testsuite> <!-- historicalReports.MyProductionDetails -->
