<?xml version="1.0" encoding="UTF-8"?>
<!-- Generated by org.testng.reporters.JUnitReportReporter -->
<testsuite hostname="BLR2T2WSF035" name="qc.AcceptFeedback" tests="1" failures="0" timestamp="18 Jan 2019 11:31:28 GMT" time="120.968" errors="0">
  <testcase name="submit_QCAudit_AcceptFeedBack" time="120.968" classname="qc.AcceptFeedback"/>
</testsuite> <!-- qc.AcceptFeedback -->
