<?xml version="1.0" encoding="UTF-8"?>
<!-- Generated by org.testng.reporters.JUnitReportReporter -->
<testsuite hostname="BLR2T2WSF035" name="Analyst.InboxTest" tests="1" failures="0" timestamp="15 Dec 2017 12:57:42 GMT" time="171.476" errors="0">
  <testcase name="click_same_Account_multiple_Analyst" time="171.476" classname="Analyst.InboxTest"/>
</testsuite> <!-- Analyst.InboxTest -->
