<?xml version="1.0" encoding="UTF-8"?>
<!-- Generated by org.testng.reporters.JUnitReportReporter -->
<testsuite hostname="BLR2T2WSF035" name="transaction.Client" tests="1" failures="0" timestamp="29 Oct 2018 12:12:27 GMT" time="29.101" errors="0">
  <testcase name="verify_ClientEscalation" time="29.101" classname="transaction.Client"/>
</testsuite> <!-- transaction.Client -->
