<?xml version="1.0" encoding="UTF-8"?>
<!-- Generated by org.testng.reporters.JUnitReportReporter -->
<testsuite hostname="BLR2T2WSF035" name="transaction.JrCaller" tests="1" failures="0" timestamp="30 Nov 2018 06:40:45 GMT" time="85.047" errors="0">
  <testcase name="verify_JrCaller" time="85.047" classname="transaction.JrCaller"/>
</testsuite> <!-- transaction.JrCaller -->
