<?xml version="1.0" encoding="UTF-8"?>
<!-- Generated by org.testng.reporters.JUnitReportReporter -->
<testsuite hostname="BLR2T2WSF035" name="inbox.WorkOrderSummaryResponse" tests="2" failures="0" timestamp="18 Jan 2019 11:31:28 GMT" time="72.296" errors="0">
  <testcase name="verify_WorkOrderSummary_In_PaymentInbox" time="26.880" classname="inbox.WorkOrderSummaryResponse"/>
  <testcase name="verify_WorkOrderSummary_In_CodingInbox" time="45.416" classname="inbox.WorkOrderSummaryResponse"/>
</testsuite> <!-- inbox.WorkOrderSummaryResponse -->
