<?xml version="1.0" encoding="UTF-8"?>
<!-- Generated by org.testng.reporters.JUnitReportReporter -->
<testsuite hostname="BLR2T2WSF035" name="master.CreateInsurance" tests="1" failures="0" timestamp="16 Jan 2018 06:10:28 GMT" time="0.027" errors="0">
  <testcase name="verify_Insurance" time="0.027" classname="master.CreateInsurance"/>
</testsuite> <!-- master.CreateInsurance -->
