<?xml version="1.0" encoding="UTF-8"?>
<!-- Generated by org.testng.reporters.JUnitReportReporter -->
<testsuite hostname="BLR2T2WSF035" name="analyst.Denial_DOS" tests="1" failures="0" timestamp="3 Apr 2018 13:32:10 GMT" time="72.295" errors="0">
  <testcase name="verify_Denail_DOS" time="72.295" classname="analyst.Denial_DOS"/>
</testsuite> <!-- analyst.Denial_DOS -->
