<?xml version="1.0" encoding="UTF-8"?>
<!-- Generated by org.testng.reporters.JUnitReportReporter -->
<testsuite hostname="BLR2T2WSF035" name="TempSave.TempSaveLimitation" tests="1" failures="0" timestamp="22 Jan 2019 07:41:10 GMT" time="46.275" errors="0">
  <testcase name="verify_TempSaveLimit" time="46.275" classname="TempSave.TempSaveLimitation"/>
</testsuite> <!-- TempSave.TempSaveLimitation -->
